

Microchip Technology PIC18 LITE Macro Assembler V1.42 build -159332390 
                                                                                               Wed Oct 25 22:12:28 2017

Microchip Technology Omniscient Code Generator v1.42 (Free mode) build 201704130522
     1                           	processor	18F452
     2                           	fnconf	rparam,??,?,0
     3                           	opt	pw 120
     4                           	opt	lm
     5                           	psect	smallconst,global,reloc=2,class=SMALLCONST,delta=1,noexec
     6                           	psect	cinit,global,reloc=2,class=CODE,delta=1
     7                           	psect	cstackCOMRAM,global,class=COMRAM,space=1,delta=1,noexec
     8                           	psect	text0,global,reloc=2,class=CODE,delta=1
     9                           	psect	text1,global,reloc=2,class=CODE,delta=1
    10                           	psect	text2,global,reloc=2,class=CODE,delta=1
    11                           	psect	text3,global,reloc=2,class=CODE,delta=1
    12                           	psect	text4,global,reloc=2,class=CODE,delta=1
    13                           	psect	text5,global,reloc=2,class=CODE,delta=1
    14                           	psect	text6,global,reloc=2,class=CODE,delta=1
    15                           	psect	text7,global,reloc=2,class=CODE,delta=1
    16                           	psect	text8,global,reloc=2,class=CODE,delta=1
    17                           	psect	text9,global,reloc=2,class=CODE,delta=1
    18                           	psect	intsave_regs,global,class=BIGRAM,space=1,delta=1,noexec
    19                           	psect	rparam,global,class=COMRAM,space=1,delta=1,noexec
    20  0000                     
    21                           ; Version 1.42
    22                           ; Generated 13/04/2017 GMT
    23                           ; 
    24                           ; Copyright © 2017, Microchip Technology Inc. and its subsidiaries ("Microchip")
    25                           ; All rights reserved.
    26                           ; 
    27                           ; This software is developed by Microchip Technology Inc. and its subsidiaries ("Microch
      +                          ip").
    28                           ; 
    29                           ; Redistribution and use in source and binary forms, with or without modification, are
    30                           ; permitted provided that the following conditions are met:
    31                           ; 
    32                           ;     1. Redistributions of source code must retain the above copyright notice, this lis
      +                          t of
    33                           ;        conditions and the following disclaimer.
    34                           ; 
    35                           ;     2. Redistributions in binary form must reproduce the above copyright notice, this 
      +                          list
    36                           ;        of conditions and the following disclaimer in the documentation and/or other
    37                           ;        materials provided with the distribution.
    38                           ; 
    39                           ;     3. Microchip's name may not be used to endorse or promote products derived from th
      +                          is
    40                           ;        software without specific prior written permission.
    41                           ; 
    42                           ; THIS SOFTWARE IS PROVIDED BY MICROCHIP "AS IS" AND ANY EXPRESS OR IMPLIED WARRANTIES,
    43                           ; INCLUDING, BUT NOT LIMITED TO, THE IMPLIED WARRANTIES OF MERCHANTABILITY AND FITNESS F
      +                          OR
    44                           ; PURPOSE ARE DISCLAIMED.  IN NO EVENT SHALL MICROCHIP BE LIABLE FOR ANY DIRECT, INDIREC
      +                          T,
    45                           ; INCIDENTAL, SPECIAL, EXEMPLARY, OR CONSEQUENTIAL DAMAGES (INCLUDING BUT NOT LIMITED TO
    46                           ; PROCUREMENT OF SUBSTITUTE GOODS OR SERVICES; LOSS OF USE, DATA OR PROFITS; OR BUSINESS
    47                           ; INTERRUPTION) HOWSOEVER CAUSED AND ON ANY THEORY OF LIABILITY, WHETHER IN CONTRACT, ST
      +                          RICT
    48                           ; LIABILITY, OR TORT (INCLUDING NEGLIGENCE OR OTHERWISE) ARISING IN ANY WAY OUT OF THE U
      +                          SE OF
    49                           ; THIS SOFTWARE, EVEN IF ADVISED OF THE POSSIBILITY OF SUCH DAMAGE.
    50                           ; 
    51                           ; 
    52                           ; Code-generator required, PIC18F452 Definitions
    53                           ; 
    54                           ; SFR Addresses
    55  0000                     _TRISDbits	set	3989
    56  0000                     _TRISD	set	3989
    57  0000                     _PORTD	set	3971
    58  0000                     _LATDbits	set	3980
    59                           
    60                           	psect	smallconst
    61  000600                     __psmallconst:
    62                           	opt stack 0
    63  000600  00                 	db	0
    64  000601                     STR_1:
    65  000601  54                 	db	84	;'T'
    66  000602  41                 	db	65	;'A'
    67  000603  50                 	db	80	;'P'
    68  000604  4F                 	db	79	;'O'
    69  000605  55                 	db	85	;'U'
    70  000606  54                 	db	84	;'T'
    71  000607  00                 	db	0
    72                           
    73                           ; #config settings
    74  000608  00                 	db	0	; dummy byte at the end
    75  0000                     
    76                           	psect	cinit
    77  0008B0                     __pcinit:
    78                           	opt stack 0
    79  0008B0                     start_initialization:
    80                           	opt stack 0
    81  0008B0                     __initialization:
    82                           	opt stack 0
    83  0008B0                     end_of_initialization:
    84                           	opt stack 0
    85  0008B0                     __end_of__initialization:
    86                           	opt stack 0
    87  0008B0  0E00               	movlw	low (__Lsmallconst shr (0+16))
    88  0008B2  6EF8               	movwf	tblptru,c
    89  0008B4  0E06               	movlw	high __Lsmallconst
    90  0008B6  6EF7               	movwf	tblptrh,c
    91  0008B8  0100               	movlb	0
    92  0008BA  EF31  F004         	goto	_main	;jump to C main() function
    93                           tblptru	equ	0xFF8
    94                           tblptrh	equ	0xFF7
    95                           
    96                           	psect	cstackCOMRAM
    97  000001                     __pcstackCOMRAM:
    98                           	opt stack 0
    99  000001                     ??_DelayPORXLCD:
   100  000001                     SetDDRamAddr@DDaddr:
   101                           	opt stack 0
   102  000001                     WriteCmdXLCD@cmd:
   103                           	opt stack 0
   104  000001                     WriteDataXLCD@data:
   105                           	opt stack 0
   106                           
   107                           ; 1 bytes @ 0x0
   108  000001                     	ds	1
   109  000002                     ??_OpenXLCD:
   110  000002                     putrsXLCD@buffer:
   111                           	opt stack 0
   112                           
   113                           ; 2 bytes @ 0x1
   114  000002                     	ds	1
   115  000003                     OpenXLCD@lcdtype:
   116                           	opt stack 0
   117                           
   118                           ; 1 bytes @ 0x2
   119  000003                     	ds	1
   120  000004                     tblptru	equ	0xFF8
   121                           tblptrh	equ	0xFF7
   122                           
   123                           ; 1 bytes @ 0x3
   124 ;;
   125 ;;Main: autosize = 0, tempsize = 0, incstack = 0, save=0
   126 ;;
   127 ;; *************** function _main *****************
   128 ;; Defined at:
   129 ;;		line 38 in file "D:/ECNG3006/L01_814000456/Q9_814000456.X/lab1asm.c"
   130 ;; Parameters:    Size  Location     Type
   131 ;;		None
   132 ;; Auto vars:     Size  Location     Type
   133 ;;		None
   134 ;; Return value:  Size  Location     Type
   135 ;;                  1    wreg      void 
   136 ;; Registers used:
   137 ;;		wreg, status,2, status,0, tblptrl, tblptrh, tblptru, cstack
   138 ;; Tracked objects:
   139 ;;		On entry : 0/0
   140 ;;		On exit  : 0/0
   141 ;;		Unchanged: 0/0
   142 ;; Data sizes:     COMRAM   BANK0   BANK1   BANK2   BANK3   BANK4   BANK5
   143 ;;      Params:         0       0       0       0       0       0       0
   144 ;;      Locals:         0       0       0       0       0       0       0
   145 ;;      Temps:          0       0       0       0       0       0       0
   146 ;;      Totals:         0       0       0       0       0       0       0
   147 ;;Total ram usage:        0 bytes
   148 ;; Hardware stack levels required when called:    4
   149 ;; This function calls:
   150 ;;		_BusyXLCD
   151 ;;		_SetDDRamAddr
   152 ;;		_init_LCD
   153 ;;		_putrsXLCD
   154 ;; This function is called by:
   155 ;;		Startup code after reset
   156 ;; This function uses a non-reentrant model
   157 ;;
   158                           
   159                           	psect	text0
   160  000862                     __ptext0:
   161                           	opt stack 0
   162  000862                     _main:
   163                           	opt stack 0
   164  000862  FFFF               	dw	65535	; assembler added errata NOP
   165                           
   166                           ;lab1asm.c: 39: init_LCD();
   167                           
   168                           ;incstack = 0
   169  000864  ECCE  F003         	call	_init_LCD	;wreg free
   170  000868                     l1043:
   171  000868  FFFF               	dw	65535	; assembler added errata NOP
   172  00086A  EC10  F004         	call	_BusyXLCD	;wreg free
   173  00086E  0900               	iorlw	0
   174  000870  A4D8               	btfss	status,2,c
   175  000872  D7FA               	goto	l1043
   176                           
   177                           ;lab1asm.c: 41: SetDDRamAddr( 0x00 );
   178  000874  0E00               	movlw	0
   179  000876  EC6A  F003         	call	_SetDDRamAddr
   180                           
   181                           ;lab1asm.c: 42: putrsXLCD( "TAPOUT" );
   182  00087A  0E01               	movlw	low STR_1
   183  00087C  6E02               	movwf	putrsXLCD@buffer,c
   184  00087E  0E06               	movlw	high STR_1
   185  000880  6E03               	movwf	putrsXLCD@buffer+1,c
   186  000882  EC8C  F003         	call	_putrsXLCD	;wreg free
   187  000886                     l41:
   188  000886  FFFF               	dw	65535	; assembler added errata NOP
   189  000888  D7FE               	goto	l41
   190  00088A                     __end_of_main:
   191                           	opt stack 0
   192                           tblptru	equ	0xFF8
   193                           tblptrh	equ	0xFF7
   194                           status	equ	0xFD8
   195                           
   196 ;; *************** function _putrsXLCD *****************
   197 ;; Defined at:
   198 ;;		line 161 in file "D:/ECNG3006/L01_814000456/Q9_814000456.X/lcd.c"
   199 ;; Parameters:    Size  Location     Type
   200 ;;  buffer          2    1[COMRAM] PTR const unsigned char 
   201 ;;		 -> STR_1(7), 
   202 ;; Auto vars:     Size  Location     Type
   203 ;;		None
   204 ;; Return value:  Size  Location     Type
   205 ;;                  1    wreg      void 
   206 ;; Registers used:
   207 ;;		wreg, status,2, status,0, tblptrl, tblptrh, tblptru, cstack
   208 ;; Tracked objects:
   209 ;;		On entry : 0/0
   210 ;;		On exit  : 0/0
   211 ;;		Unchanged: 0/0
   212 ;; Data sizes:     COMRAM   BANK0   BANK1   BANK2   BANK3   BANK4   BANK5
   213 ;;      Params:         2       0       0       0       0       0       0
   214 ;;      Locals:         0       0       0       0       0       0       0
   215 ;;      Temps:          0       0       0       0       0       0       0
   216 ;;      Totals:         2       0       0       0       0       0       0
   217 ;;Total ram usage:        2 bytes
   218 ;; Hardware stack levels used:    1
   219 ;; Hardware stack levels required when called:    2
   220 ;; This function calls:
   221 ;;		_BusyXLCD
   222 ;;		_WriteDataXLCD
   223 ;; This function is called by:
   224 ;;		_main
   225 ;; This function uses a non-reentrant model
   226 ;;
   227                           
   228                           	psect	text1
   229  000718                     __ptext1:
   230                           	opt stack 0
   231  000718                     _putrsXLCD:
   232                           	opt stack 0
   233  000718  FFFF               	dw	65535	; assembler added errata NOP
   234                           
   235                           ;lcd.c: 163: while(*buffer)
   236                           
   237                           ;incstack = 0
   238  00071A  D011               	goto	l1039
   239  00071C                     l1033:
   240  00071C  FFFF               	dw	65535	; assembler added errata NOP
   241  00071E  EC10  F004         	call	_BusyXLCD	;wreg free
   242  000722  0900               	iorlw	0
   243  000724  A4D8               	btfss	status,2,c
   244  000726  D7FA               	goto	l1033
   245                           
   246                           ;lcd.c: 166: WriteDataXLCD(*buffer);
   247  000728  C002  FFF6         	movff	putrsXLCD@buffer,tblptrl
   248  00072C  C003  FFF7         	movff	putrsXLCD@buffer+1,tblptrh
   249  000730                     	if	0	;tblptru may be non-zero
   250  000730                     	endif
   251  000730                     	if	0	;tblptru may be non-zero
   252  000730                     	endif
   253  000730  0008               	tblrd		*
   254  000732  FFFF               	dw	65535	; errata NOP
   255  000734  50F5               	movf	tablat,w,c
   256  000736  ECAD  F003         	call	_WriteDataXLCD
   257                           
   258                           ;lcd.c: 167: buffer++;
   259  00073A  4A02               	infsnz	putrsXLCD@buffer,f,c
   260  00073C  2A03               	incf	putrsXLCD@buffer+1,f,c
   261  00073E                     l1039:
   262  00073E  FFFF               	dw	65535	; assembler added errata NOP
   263  000740  C002  FFF6         	movff	putrsXLCD@buffer,tblptrl
   264  000744  C003  FFF7         	movff	putrsXLCD@buffer+1,tblptrh
   265  000748                     	if	0	;tblptru may be non-zero
   266  000748                     	endif
   267  000748                     	if	0	;tblptru may be non-zero
   268  000748                     	endif
   269  000748  0008               	tblrd		*
   270  00074A  FFFF               	dw	65535	; errata NOP
   271  00074C  50F5               	movf	tablat,w,c
   272  00074E  0900               	iorlw	0
   273  000750  B4D8               	btfsc	status,2,c
   274                           
   275                           ;lcd.c: 168: }
   276                           ;lcd.c: 169: return;
   277  000752  0012               	return		;funcret
   278  000754  FFFF               	dw	65535	; assembler added errata NOP
   279  000756  D7E2               	goto	l1033
   280  000758  FFFF               	dw	65535	; errata NOP
   281  00075A                     __end_of_putrsXLCD:
   282                           	opt stack 0
   283                           tblptru	equ	0xFF8
   284                           tblptrh	equ	0xFF7
   285                           tblptrl	equ	0xFF6
   286                           tablat	equ	0xFF5
   287                           status	equ	0xFD8
   288                           
   289 ;; *************** function _WriteDataXLCD *****************
   290 ;; Defined at:
   291 ;;		line 521 in file "D:/ECNG3006/L01_814000456/Q9_814000456.X/lcd.c"
   292 ;; Parameters:    Size  Location     Type
   293 ;;  data            1    wreg     unsigned char 
   294 ;; Auto vars:     Size  Location     Type
   295 ;;  data            1    0[COMRAM] unsigned char 
   296 ;; Return value:  Size  Location     Type
   297 ;;                  1    wreg      void 
   298 ;; Registers used:
   299 ;;		wreg, status,2, status,0, cstack
   300 ;; Tracked objects:
   301 ;;		On entry : 0/0
   302 ;;		On exit  : 0/0
   303 ;;		Unchanged: 0/0
   304 ;; Data sizes:     COMRAM   BANK0   BANK1   BANK2   BANK3   BANK4   BANK5
   305 ;;      Params:         0       0       0       0       0       0       0
   306 ;;      Locals:         1       0       0       0       0       0       0
   307 ;;      Temps:          0       0       0       0       0       0       0
   308 ;;      Totals:         1       0       0       0       0       0       0
   309 ;;Total ram usage:        1 bytes
   310 ;; Hardware stack levels used:    1
   311 ;; Hardware stack levels required when called:    1
   312 ;; This function calls:
   313 ;;		_DelayFor18TCY
   314 ;; This function is called by:
   315 ;;		_putrsXLCD
   316 ;;		_putsXLCD
   317 ;; This function uses a non-reentrant model
   318 ;;
   319                           
   320                           	psect	text2
   321  00075A                     __ptext2:
   322                           	opt stack 0
   323  00075A                     _WriteDataXLCD:
   324                           	opt stack 0
   325  00075A  FFFF               	dw	65535	; assembler added errata NOP
   326                           
   327                           ;incstack = 0
   328                           ;WriteDataXLCD@data stored from wreg
   329  00075C  6E01               	movwf	WriteDataXLCD@data,c
   330                           
   331                           ;lcd.c: 536: TRISD &= 0x0f;
   332  00075E  0E0F               	movlw	15
   333  000760  1695               	andwf	3989,f,c	;volatile
   334                           
   335                           ;lcd.c: 537: PORTD &= 0x0f;
   336  000762  0E0F               	movlw	15
   337  000764  1683               	andwf	3971,f,c	;volatile
   338                           
   339                           ;lcd.c: 538: PORTD |= data&0xf0;
   340  000766  5001               	movf	WriteDataXLCD@data,w,c
   341  000768  0BF0               	andlw	240
   342  00076A  1283               	iorwf	3971,f,c	;volatile
   343                           
   344                           ;lcd.c: 544: LATDbits.LATD1 = 1;
   345  00076C  828C               	bsf	3980,1,c	;volatile
   346                           
   347                           ;lcd.c: 545: LATDbits.LATD2 = 0;
   348  00076E  948C               	bcf	3980,2,c	;volatile
   349                           
   350                           ;lcd.c: 546: DelayFor18TCY();
   351  000770  EC50  F004         	call	_DelayFor18TCY	;wreg free
   352                           
   353                           ;lcd.c: 547: LATDbits.LATD0 = 1;
   354  000774  808C               	bsf	3980,0,c	;volatile
   355                           
   356                           ;lcd.c: 548: DelayFor18TCY();
   357  000776  EC50  F004         	call	_DelayFor18TCY	;wreg free
   358                           
   359                           ;lcd.c: 549: LATDbits.LATD0 = 0;
   360  00077A  908C               	bcf	3980,0,c	;volatile
   361                           
   362                           ;lcd.c: 551: PORTD &= 0x0f;
   363  00077C  0E0F               	movlw	15
   364  00077E  1683               	andwf	3971,f,c	;volatile
   365                           
   366                           ;lcd.c: 552: PORTD |= ((data<<4)&0xf0);
   367  000780  3801               	swapf	WriteDataXLCD@data,w,c
   368  000782  0BF0               	andlw	240
   369  000784  0BF0               	andlw	240
   370  000786  1283               	iorwf	3971,f,c	;volatile
   371                           
   372                           ;lcd.c: 557: DelayFor18TCY();
   373  000788  EC50  F004         	call	_DelayFor18TCY	;wreg free
   374                           
   375                           ;lcd.c: 558: LATDbits.LATD0 = 1;
   376  00078C  808C               	bsf	3980,0,c	;volatile
   377                           
   378                           ;lcd.c: 559: DelayFor18TCY();
   379  00078E  EC50  F004         	call	_DelayFor18TCY	;wreg free
   380                           
   381                           ;lcd.c: 560: LATDbits.LATD0 = 0;
   382  000792  908C               	bcf	3980,0,c	;volatile
   383                           
   384                           ;lcd.c: 562: TRISD |= 0xf0;
   385  000794  0EF0               	movlw	240
   386  000796  1295               	iorwf	3989,f,c	;volatile
   387                           
   388                           ;lcd.c: 567: return;
   389  000798  0012               	return		;funcret
   390  00079A  FFFF               	dw	65535	; errata NOP
   391  00079C                     __end_of_WriteDataXLCD:
   392                           	opt stack 0
   393                           tblptru	equ	0xFF8
   394                           tblptrh	equ	0xFF7
   395                           tblptrl	equ	0xFF6
   396                           tablat	equ	0xFF5
   397                           status	equ	0xFD8
   398                           
   399 ;; *************** function _init_LCD *****************
   400 ;; Defined at:
   401 ;;		line 29 in file "D:/ECNG3006/L01_814000456/Q9_814000456.X/lab1asm.c"
   402 ;; Parameters:    Size  Location     Type
   403 ;;		None
   404 ;; Auto vars:     Size  Location     Type
   405 ;;		None
   406 ;; Return value:  Size  Location     Type
   407 ;;                  1    wreg      void 
   408 ;; Registers used:
   409 ;;		wreg, status,2, status,0, cstack
   410 ;; Tracked objects:
   411 ;;		On entry : 0/0
   412 ;;		On exit  : 0/0
   413 ;;		Unchanged: 0/0
   414 ;; Data sizes:     COMRAM   BANK0   BANK1   BANK2   BANK3   BANK4   BANK5
   415 ;;      Params:         0       0       0       0       0       0       0
   416 ;;      Locals:         0       0       0       0       0       0       0
   417 ;;      Temps:          0       0       0       0       0       0       0
   418 ;;      Totals:         0       0       0       0       0       0       0
   419 ;;Total ram usage:        0 bytes
   420 ;; Hardware stack levels used:    1
   421 ;; Hardware stack levels required when called:    3
   422 ;; This function calls:
   423 ;;		_BusyXLCD
   424 ;;		_OpenXLCD
   425 ;;		_WriteCmdXLCD
   426 ;; This function is called by:
   427 ;;		_main
   428 ;; This function uses a non-reentrant model
   429 ;;
   430                           
   431                           	psect	text3
   432  00079C                     __ptext3:
   433                           	opt stack 0
   434  00079C                     _init_LCD:
   435                           	opt stack 0
   436  00079C  FFFF               	dw	65535	; assembler added errata NOP
   437                           
   438                           ;lab1asm.c: 30: OpenXLCD( 0b00101100 & 0b00111000 );
   439                           
   440                           ;incstack = 0
   441  00079E  0E28               	movlw	40
   442  0007A0  EC05  F003         	call	_OpenXLCD
   443  0007A4                     l915:
   444  0007A4  FFFF               	dw	65535	; assembler added errata NOP
   445  0007A6  EC10  F004         	call	_BusyXLCD	;wreg free
   446  0007AA  0900               	iorlw	0
   447  0007AC  A4D8               	btfss	status,2,c
   448  0007AE  D7FA               	goto	l915
   449                           
   450                           ;lab1asm.c: 32: WriteCmdXLCD( 0b00101100 & 0b00111000 );
   451  0007B0  0E28               	movlw	40
   452  0007B2  ECEF  F003         	call	_WriteCmdXLCD
   453  0007B6                     l919:
   454  0007B6  FFFF               	dw	65535	; assembler added errata NOP
   455  0007B8  EC10  F004         	call	_BusyXLCD	;wreg free
   456  0007BC  0900               	iorlw	0
   457  0007BE  A4D8               	btfss	status,2,c
   458  0007C0  D7FA               	goto	l919
   459                           
   460                           ;lab1asm.c: 34: WriteCmdXLCD( 0b00001111 );
   461  0007C2  0E0F               	movlw	15
   462  0007C4  ECEF  F003         	call	_WriteCmdXLCD
   463  0007C8                     l923:
   464  0007C8  FFFF               	dw	65535	; assembler added errata NOP
   465  0007CA  EC10  F004         	call	_BusyXLCD	;wreg free
   466  0007CE  0900               	iorlw	0
   467  0007D0  A4D8               	btfss	status,2,c
   468  0007D2  D7FA               	goto	l923
   469                           
   470                           ;lab1asm.c: 36: WriteCmdXLCD( 0b00000110 );
   471  0007D4  0E06               	movlw	6
   472  0007D6  ECEF  F003         	call	_WriteCmdXLCD
   473  0007DA  0012               	return		;funcret
   474  0007DC  FFFF               	dw	65535	; errata NOP
   475  0007DE                     __end_of_init_LCD:
   476                           	opt stack 0
   477                           tblptru	equ	0xFF8
   478                           tblptrh	equ	0xFF7
   479                           tblptrl	equ	0xFF6
   480                           tablat	equ	0xFF5
   481                           status	equ	0xFD8
   482                           
   483 ;; *************** function _OpenXLCD *****************
   484 ;; Defined at:
   485 ;;		line 80 in file "D:/ECNG3006/L01_814000456/Q9_814000456.X/lcd.c"
   486 ;; Parameters:    Size  Location     Type
   487 ;;  lcdtype         1    wreg     unsigned char 
   488 ;; Auto vars:     Size  Location     Type
   489 ;;  lcdtype         1    2[COMRAM] unsigned char 
   490 ;; Return value:  Size  Location     Type
   491 ;;                  1    wreg      void 
   492 ;; Registers used:
   493 ;;		wreg, status,2, status,0, cstack
   494 ;; Tracked objects:
   495 ;;		On entry : 0/0
   496 ;;		On exit  : 0/0
   497 ;;		Unchanged: 0/0
   498 ;; Data sizes:     COMRAM   BANK0   BANK1   BANK2   BANK3   BANK4   BANK5
   499 ;;      Params:         0       0       0       0       0       0       0
   500 ;;      Locals:         1       0       0       0       0       0       0
   501 ;;      Temps:          1       0       0       0       0       0       0
   502 ;;      Totals:         2       0       0       0       0       0       0
   503 ;;Total ram usage:        2 bytes
   504 ;; Hardware stack levels used:    1
   505 ;; Hardware stack levels required when called:    2
   506 ;; This function calls:
   507 ;;		_BusyXLCD
   508 ;;		_DelayPORXLCD
   509 ;;		_SetDDRamAddr
   510 ;;		_WriteCmdXLCD
   511 ;; This function is called by:
   512 ;;		_init_LCD
   513 ;; This function uses a non-reentrant model
   514 ;;
   515                           
   516                           	psect	text4
   517  00060A                     __ptext4:
   518                           	opt stack 0
   519  00060A                     _OpenXLCD:
   520                           	opt stack 0
   521  00060A  FFFF               	dw	65535	; assembler added errata NOP
   522                           
   523                           ;incstack = 0
   524                           ;OpenXLCD@lcdtype stored from wreg
   525  00060C  6E03               	movwf	OpenXLCD@lcdtype,c
   526                           
   527                           ;lcd.c: 89: PORTD &= 0x0f;
   528  00060E  0E0F               	movlw	15
   529  000610  1683               	andwf	3971,f,c	;volatile
   530                           
   531                           ;lcd.c: 90: TRISD &= 0x0F;
   532  000612  0E0F               	movlw	15
   533  000614  1695               	andwf	3989,f,c	;volatile
   534                           
   535                           ;lcd.c: 96: TRISDbits.TRISD2 = 0;
   536  000616  9495               	bcf	3989,2,c	;volatile
   537                           
   538                           ;lcd.c: 97: TRISDbits.TRISD1 = 0;
   539  000618  9295               	bcf	3989,1,c	;volatile
   540                           
   541                           ;lcd.c: 98: TRISDbits.TRISD0 = 0;
   542  00061A  9095               	bcf	3989,0,c	;volatile
   543                           
   544                           ;lcd.c: 99: LATDbits.LATD2 = 0;
   545  00061C  948C               	bcf	3980,2,c	;volatile
   546                           
   547                           ;lcd.c: 100: LATDbits.LATD1 = 0;
   548  00061E  928C               	bcf	3980,1,c	;volatile
   549                           
   550                           ;lcd.c: 101: LATDbits.LATD0 = 0;
   551  000620  908C               	bcf	3980,0,c	;volatile
   552                           
   553                           ;lcd.c: 104: DelayPORXLCD();
   554  000622  EC45  F004         	call	_DelayPORXLCD	;wreg free
   555                           
   556                           ;lcd.c: 106: WriteCmdXLCD(0x30);
   557  000626  0E30               	movlw	48
   558  000628  ECEF  F003         	call	_WriteCmdXLCD
   559                           
   560                           ;lcd.c: 108: _delay((unsigned long)((15)*((4000000)/4000.0)));
   561  00062C  0E0F               	movlw	15
   562  00062E  6E02               	movwf	??_OpenXLCD& (0+255),c
   563  000630  0E9E               	movlw	158
   564  000632                     u207:
   565  000632  FFFF               	dw	65535	; errata NOP
   566  000634  2EE8               	decfsz	wreg,f,c
   567  000636  D7FD               	bra	u207
   568  000638  2E02               	decfsz	??_OpenXLCD& (0+255),f,c
   569  00063A  D7FB               	bra	u207
   570                           
   571                           ;lcd.c: 110: WriteCmdXLCD(0x30);
   572  00063C  0E30               	movlw	48
   573  00063E  ECEF  F003         	call	_WriteCmdXLCD
   574                           
   575                           ;lcd.c: 112: _delay((unsigned long)((15)*((4000000)/4000.0)));
   576  000642  0E0F               	movlw	15
   577  000644  6E02               	movwf	??_OpenXLCD& (0+255),c
   578  000646  0E9E               	movlw	158
   579  000648                     u217:
   580  000648  FFFF               	dw	65535	; errata NOP
   581  00064A  2EE8               	decfsz	wreg,f,c
   582  00064C  D7FD               	bra	u217
   583  00064E  2E02               	decfsz	??_OpenXLCD& (0+255),f,c
   584  000650  D7FB               	bra	u217
   585                           
   586                           ;lcd.c: 114: WriteCmdXLCD(0x32);
   587  000652  0E32               	movlw	50
   588  000654  ECEF  F003         	call	_WriteCmdXLCD
   589  000658                     l861:
   590  000658  FFFF               	dw	65535	; assembler added errata NOP
   591  00065A  EC10  F004         	call	_BusyXLCD	;wreg free
   592  00065E  0900               	iorlw	0
   593  000660  A4D8               	btfss	status,2,c
   594  000662  D7FA               	goto	l861
   595  000664                     l863:
   596  000664  FFFF               	dw	65535	; assembler added errata NOP
   597  000666  EC10  F004         	call	_BusyXLCD	;wreg free
   598  00066A  0900               	iorlw	0
   599  00066C  A4D8               	btfss	status,2,c
   600  00066E  D7FA               	goto	l863
   601                           
   602                           ;lcd.c: 121: WriteCmdXLCD(lcdtype);
   603  000670  5003               	movf	OpenXLCD@lcdtype,w,c
   604  000672  ECEF  F003         	call	_WriteCmdXLCD
   605  000676                     l867:
   606  000676  FFFF               	dw	65535	; assembler added errata NOP
   607  000678  EC10  F004         	call	_BusyXLCD	;wreg free
   608  00067C  0900               	iorlw	0
   609  00067E  A4D8               	btfss	status,2,c
   610  000680  D7FA               	goto	l867
   611                           
   612                           ;lcd.c: 125: WriteCmdXLCD(0b00001011&0b00001101&0b00001110);
   613  000682  0E08               	movlw	8
   614  000684  ECEF  F003         	call	_WriteCmdXLCD
   615  000688                     l871:
   616  000688  FFFF               	dw	65535	; assembler added errata NOP
   617  00068A  EC10  F004         	call	_BusyXLCD	;wreg free
   618  00068E  0900               	iorlw	0
   619  000690  A4D8               	btfss	status,2,c
   620  000692  D7FA               	goto	l871
   621                           
   622                           ;lcd.c: 127: WriteCmdXLCD(0b00001111&0b00001111&0b00001111);
   623  000694  0E0F               	movlw	15
   624  000696  ECEF  F003         	call	_WriteCmdXLCD
   625  00069A                     l875:
   626  00069A  FFFF               	dw	65535	; assembler added errata NOP
   627  00069C  EC10  F004         	call	_BusyXLCD	;wreg free
   628  0006A0  0900               	iorlw	0
   629  0006A2  A4D8               	btfss	status,2,c
   630  0006A4  D7FA               	goto	l875
   631                           
   632                           ;lcd.c: 131: WriteCmdXLCD(0x01);
   633  0006A6  0E01               	movlw	1
   634  0006A8  ECEF  F003         	call	_WriteCmdXLCD
   635  0006AC                     l879:
   636  0006AC  FFFF               	dw	65535	; assembler added errata NOP
   637  0006AE  EC10  F004         	call	_BusyXLCD	;wreg free
   638  0006B2  0900               	iorlw	0
   639  0006B4  A4D8               	btfss	status,2,c
   640  0006B6  D7FA               	goto	l879
   641                           
   642                           ;lcd.c: 135: WriteCmdXLCD(0b00000100);
   643  0006B8  0E04               	movlw	4
   644  0006BA  ECEF  F003         	call	_WriteCmdXLCD
   645  0006BE                     l883:
   646  0006BE  FFFF               	dw	65535	; assembler added errata NOP
   647  0006C0  EC10  F004         	call	_BusyXLCD	;wreg free
   648  0006C4  0900               	iorlw	0
   649  0006C6  A4D8               	btfss	status,2,c
   650  0006C8  D7FA               	goto	l883
   651                           
   652                           ;lcd.c: 139: SetDDRamAddr(0x80);
   653  0006CA  0E80               	movlw	128
   654  0006CC  EC6A  F003         	call	_SetDDRamAddr
   655                           
   656                           ;lcd.c: 141: return;
   657  0006D0  0012               	return		;funcret
   658  0006D2  FFFF               	dw	65535	; errata NOP
   659  0006D4                     __end_of_OpenXLCD:
   660                           	opt stack 0
   661                           tblptru	equ	0xFF8
   662                           tblptrh	equ	0xFF7
   663                           tblptrl	equ	0xFF6
   664                           tablat	equ	0xFF5
   665                           wreg	equ	0xFE8
   666                           status	equ	0xFD8
   667                           
   668 ;; *************** function _WriteCmdXLCD *****************
   669 ;; Defined at:
   670 ;;		line 455 in file "D:/ECNG3006/L01_814000456/Q9_814000456.X/lcd.c"
   671 ;; Parameters:    Size  Location     Type
   672 ;;  cmd             1    wreg     unsigned char 
   673 ;; Auto vars:     Size  Location     Type
   674 ;;  cmd             1    0[COMRAM] unsigned char 
   675 ;; Return value:  Size  Location     Type
   676 ;;                  1    wreg      void 
   677 ;; Registers used:
   678 ;;		wreg, status,2, status,0, cstack
   679 ;; Tracked objects:
   680 ;;		On entry : 0/0
   681 ;;		On exit  : 0/0
   682 ;;		Unchanged: 0/0
   683 ;; Data sizes:     COMRAM   BANK0   BANK1   BANK2   BANK3   BANK4   BANK5
   684 ;;      Params:         0       0       0       0       0       0       0
   685 ;;      Locals:         1       0       0       0       0       0       0
   686 ;;      Temps:          0       0       0       0       0       0       0
   687 ;;      Totals:         1       0       0       0       0       0       0
   688 ;;Total ram usage:        1 bytes
   689 ;; Hardware stack levels used:    1
   690 ;; Hardware stack levels required when called:    1
   691 ;; This function calls:
   692 ;;		_DelayFor18TCY
   693 ;; This function is called by:
   694 ;;		_init_LCD
   695 ;;		_OpenXLCD
   696 ;; This function uses a non-reentrant model
   697 ;;
   698                           
   699                           	psect	text5
   700  0007DE                     __ptext5:
   701                           	opt stack 0
   702  0007DE                     _WriteCmdXLCD:
   703                           	opt stack 0
   704  0007DE  FFFF               	dw	65535	; assembler added errata NOP
   705                           
   706                           ;incstack = 0
   707                           ;WriteCmdXLCD@cmd stored from wreg
   708  0007E0  6E01               	movwf	WriteCmdXLCD@cmd,c
   709                           
   710                           ;lcd.c: 470: TRISD &= 0x0f;
   711  0007E2  0E0F               	movlw	15
   712  0007E4  1695               	andwf	3989,f,c	;volatile
   713                           
   714                           ;lcd.c: 471: PORTD &= 0x0f;
   715  0007E6  0E0F               	movlw	15
   716  0007E8  1683               	andwf	3971,f,c	;volatile
   717                           
   718                           ;lcd.c: 472: PORTD |= cmd&0xf0;
   719  0007EA  5001               	movf	WriteCmdXLCD@cmd,w,c
   720  0007EC  0BF0               	andlw	240
   721  0007EE  1283               	iorwf	3971,f,c	;volatile
   722                           
   723                           ;lcd.c: 478: LATDbits.LATD2 = 0;
   724  0007F0  948C               	bcf	3980,2,c	;volatile
   725                           
   726                           ;lcd.c: 479: LATDbits.LATD1 = 0;
   727  0007F2  928C               	bcf	3980,1,c	;volatile
   728                           
   729                           ;lcd.c: 480: DelayFor18TCY();
   730  0007F4  EC50  F004         	call	_DelayFor18TCY	;wreg free
   731                           
   732                           ;lcd.c: 481: LATDbits.LATD0 = 1;
   733  0007F8  808C               	bsf	3980,0,c	;volatile
   734                           
   735                           ;lcd.c: 482: DelayFor18TCY();
   736  0007FA  EC50  F004         	call	_DelayFor18TCY	;wreg free
   737                           
   738                           ;lcd.c: 483: LATDbits.LATD0 = 0;
   739  0007FE  908C               	bcf	3980,0,c	;volatile
   740                           
   741                           ;lcd.c: 485: PORTD &= 0x0f;
   742  000800  0E0F               	movlw	15
   743  000802  1683               	andwf	3971,f,c	;volatile
   744                           
   745                           ;lcd.c: 486: PORTD |= (cmd<<4)&0xf0;
   746  000804  3801               	swapf	WriteCmdXLCD@cmd,w,c
   747  000806  0BF0               	andlw	240
   748  000808  0BF0               	andlw	240
   749  00080A  1283               	iorwf	3971,f,c	;volatile
   750                           
   751                           ;lcd.c: 491: DelayFor18TCY();
   752  00080C  EC50  F004         	call	_DelayFor18TCY	;wreg free
   753                           
   754                           ;lcd.c: 492: LATDbits.LATD0 = 1;
   755  000810  808C               	bsf	3980,0,c	;volatile
   756                           
   757                           ;lcd.c: 493: DelayFor18TCY();
   758  000812  EC50  F004         	call	_DelayFor18TCY	;wreg free
   759                           
   760                           ;lcd.c: 494: LATDbits.LATD0 = 0;
   761  000816  908C               	bcf	3980,0,c	;volatile
   762                           
   763                           ;lcd.c: 496: TRISD |= 0xf0;
   764  000818  0EF0               	movlw	240
   765  00081A  1295               	iorwf	3989,f,c	;volatile
   766                           
   767                           ;lcd.c: 501: return;
   768  00081C  0012               	return		;funcret
   769  00081E  FFFF               	dw	65535	; errata NOP
   770  000820                     __end_of_WriteCmdXLCD:
   771                           	opt stack 0
   772                           tblptru	equ	0xFF8
   773                           tblptrh	equ	0xFF7
   774                           tblptrl	equ	0xFF6
   775                           tablat	equ	0xFF5
   776                           wreg	equ	0xFE8
   777                           status	equ	0xFD8
   778                           
   779 ;; *************** function _SetDDRamAddr *****************
   780 ;; Defined at:
   781 ;;		line 392 in file "D:/ECNG3006/L01_814000456/Q9_814000456.X/lcd.c"
   782 ;; Parameters:    Size  Location     Type
   783 ;;  DDaddr          1    wreg     unsigned char 
   784 ;; Auto vars:     Size  Location     Type
   785 ;;  DDaddr          1    0[COMRAM] unsigned char 
   786 ;; Return value:  Size  Location     Type
   787 ;;                  1    wreg      void 
   788 ;; Registers used:
   789 ;;		wreg, status,2, status,0, cstack
   790 ;; Tracked objects:
   791 ;;		On entry : 0/0
   792 ;;		On exit  : 0/0
   793 ;;		Unchanged: 0/0
   794 ;; Data sizes:     COMRAM   BANK0   BANK1   BANK2   BANK3   BANK4   BANK5
   795 ;;      Params:         0       0       0       0       0       0       0
   796 ;;      Locals:         1       0       0       0       0       0       0
   797 ;;      Temps:          0       0       0       0       0       0       0
   798 ;;      Totals:         1       0       0       0       0       0       0
   799 ;;Total ram usage:        1 bytes
   800 ;; Hardware stack levels used:    1
   801 ;; Hardware stack levels required when called:    1
   802 ;; This function calls:
   803 ;;		_DelayFor18TCY
   804 ;; This function is called by:
   805 ;;		_main
   806 ;;		_OpenXLCD
   807 ;; This function uses a non-reentrant model
   808 ;;
   809                           
   810                           	psect	text6
   811  0006D4                     __ptext6:
   812                           	opt stack 0
   813  0006D4                     _SetDDRamAddr:
   814                           	opt stack 0
   815  0006D4  FFFF               	dw	65535	; assembler added errata NOP
   816                           
   817                           ;incstack = 0
   818                           ;SetDDRamAddr@DDaddr stored from wreg
   819  0006D6  6E01               	movwf	SetDDRamAddr@DDaddr,c
   820                           
   821                           ;lcd.c: 407: TRISD &= 0x0f;
   822  0006D8  0E0F               	movlw	15
   823  0006DA  1695               	andwf	3989,f,c	;volatile
   824                           
   825                           ;lcd.c: 408: PORTD &= 0x0f;
   826  0006DC  0E0F               	movlw	15
   827  0006DE  1683               	andwf	3971,f,c	;volatile
   828                           
   829                           ;lcd.c: 409: PORTD |= ((DDaddr | 0b10000000) & 0xf0);
   830  0006E0  5001               	movf	SetDDRamAddr@DDaddr,w,c
   831  0006E2  0980               	iorlw	128
   832  0006E4  0BF0               	andlw	240
   833  0006E6  1283               	iorwf	3971,f,c	;volatile
   834                           
   835                           ;lcd.c: 415: LATDbits.LATD2 = 0;
   836  0006E8  948C               	bcf	3980,2,c	;volatile
   837                           
   838                           ;lcd.c: 416: LATDbits.LATD1 = 0;
   839  0006EA  928C               	bcf	3980,1,c	;volatile
   840                           
   841                           ;lcd.c: 417: DelayFor18TCY();
   842  0006EC  EC50  F004         	call	_DelayFor18TCY	;wreg free
   843                           
   844                           ;lcd.c: 418: LATDbits.LATD0 = 1;
   845  0006F0  808C               	bsf	3980,0,c	;volatile
   846                           
   847                           ;lcd.c: 419: DelayFor18TCY();
   848  0006F2  EC50  F004         	call	_DelayFor18TCY	;wreg free
   849                           
   850                           ;lcd.c: 420: LATDbits.LATD0 = 0;
   851  0006F6  908C               	bcf	3980,0,c	;volatile
   852                           
   853                           ;lcd.c: 422: PORTD &= 0x0f;
   854  0006F8  0E0F               	movlw	15
   855  0006FA  1683               	andwf	3971,f,c	;volatile
   856                           
   857                           ;lcd.c: 423: PORTD |= ((DDaddr<<4)&0xf0);
   858  0006FC  3801               	swapf	SetDDRamAddr@DDaddr,w,c
   859  0006FE  0BF0               	andlw	240
   860  000700  0BF0               	andlw	240
   861  000702  1283               	iorwf	3971,f,c	;volatile
   862                           
   863                           ;lcd.c: 428: DelayFor18TCY();
   864  000704  EC50  F004         	call	_DelayFor18TCY	;wreg free
   865                           
   866                           ;lcd.c: 429: LATDbits.LATD0 = 1;
   867  000708  808C               	bsf	3980,0,c	;volatile
   868                           
   869                           ;lcd.c: 430: DelayFor18TCY();
   870  00070A  EC50  F004         	call	_DelayFor18TCY	;wreg free
   871                           
   872                           ;lcd.c: 431: LATDbits.LATD0 = 0;
   873  00070E  908C               	bcf	3980,0,c	;volatile
   874                           
   875                           ;lcd.c: 433: TRISD |= 0xf0;
   876  000710  0EF0               	movlw	240
   877  000712  1295               	iorwf	3989,f,c	;volatile
   878                           
   879                           ;lcd.c: 438: return;
   880  000714  0012               	return		;funcret
   881  000716  FFFF               	dw	65535	; errata NOP
   882  000718                     __end_of_SetDDRamAddr:
   883                           	opt stack 0
   884                           tblptru	equ	0xFF8
   885                           tblptrh	equ	0xFF7
   886                           tblptrl	equ	0xFF6
   887                           tablat	equ	0xFF5
   888                           wreg	equ	0xFE8
   889                           status	equ	0xFD8
   890                           
   891 ;; *************** function _DelayPORXLCD *****************
   892 ;; Defined at:
   893 ;;		line 19 in file "D:/ECNG3006/L01_814000456/Q9_814000456.X/lab1asm.c"
   894 ;; Parameters:    Size  Location     Type
   895 ;;		None
   896 ;; Auto vars:     Size  Location     Type
   897 ;;		None
   898 ;; Return value:  Size  Location     Type
   899 ;;                  1    wreg      void 
   900 ;; Registers used:
   901 ;;		wreg
   902 ;; Tracked objects:
   903 ;;		On entry : 0/0
   904 ;;		On exit  : 0/0
   905 ;;		Unchanged: 0/0
   906 ;; Data sizes:     COMRAM   BANK0   BANK1   BANK2   BANK3   BANK4   BANK5
   907 ;;      Params:         0       0       0       0       0       0       0
   908 ;;      Locals:         0       0       0       0       0       0       0
   909 ;;      Temps:          1       0       0       0       0       0       0
   910 ;;      Totals:         1       0       0       0       0       0       0
   911 ;;Total ram usage:        1 bytes
   912 ;; Hardware stack levels used:    1
   913 ;; This function calls:
   914 ;;		Nothing
   915 ;; This function is called by:
   916 ;;		_OpenXLCD
   917 ;; This function uses a non-reentrant model
   918 ;;
   919                           
   920                           	psect	text7
   921  00088A                     __ptext7:
   922                           	opt stack 0
   923  00088A                     _DelayPORXLCD:
   924                           	opt stack 0
   925  00088A  FFFF               	dw	65535	; assembler added errata NOP
   926                           
   927                           ;lab1asm.c: 21: _delay((unsigned long)((15)*(4000000/4000.0)));
   928                           
   929                           ;incstack = 0
   930  00088C  0E0F               	movlw	15
   931  00088E  6E01               	movwf	??_DelayPORXLCD& (0+255),c
   932  000890  0E9E               	movlw	158
   933  000892                     u227:
   934  000892  FFFF               	dw	65535	; errata NOP
   935  000894  2EE8               	decfsz	wreg,f,c
   936  000896  D7FD               	bra	u227
   937  000898  2E01               	decfsz	??_DelayPORXLCD& (0+255),f,c
   938  00089A  D7FB               	bra	u227
   939  00089C  0012               	return		;funcret
   940  00089E  FFFF               	dw	65535	; errata NOP
   941  0008A0                     __end_of_DelayPORXLCD:
   942                           	opt stack 0
   943                           tblptru	equ	0xFF8
   944                           tblptrh	equ	0xFF7
   945                           tblptrl	equ	0xFF6
   946                           tablat	equ	0xFF5
   947                           wreg	equ	0xFE8
   948                           status	equ	0xFD8
   949                           
   950 ;; *************** function _BusyXLCD *****************
   951 ;; Defined at:
   952 ;;		line 12 in file "D:/ECNG3006/L01_814000456/Q9_814000456.X/lcd.c"
   953 ;; Parameters:    Size  Location     Type
   954 ;;		None
   955 ;; Auto vars:     Size  Location     Type
   956 ;;		None
   957 ;; Return value:  Size  Location     Type
   958 ;;                  1    wreg      unsigned char 
   959 ;; Registers used:
   960 ;;		wreg, cstack
   961 ;; Tracked objects:
   962 ;;		On entry : 0/0
   963 ;;		On exit  : 0/0
   964 ;;		Unchanged: 0/0
   965 ;; Data sizes:     COMRAM   BANK0   BANK1   BANK2   BANK3   BANK4   BANK5
   966 ;;      Params:         0       0       0       0       0       0       0
   967 ;;      Locals:         0       0       0       0       0       0       0
   968 ;;      Temps:          0       0       0       0       0       0       0
   969 ;;      Totals:         0       0       0       0       0       0       0
   970 ;;Total ram usage:        0 bytes
   971 ;; Hardware stack levels used:    1
   972 ;; Hardware stack levels required when called:    1
   973 ;; This function calls:
   974 ;;		_DelayFor18TCY
   975 ;; This function is called by:
   976 ;;		_init_LCD
   977 ;;		_main
   978 ;;		_OpenXLCD
   979 ;;		_putrsXLCD
   980 ;;		_putsXLCD
   981 ;; This function uses a non-reentrant model
   982 ;;
   983                           
   984                           	psect	text8
   985  000820                     __ptext8:
   986                           	opt stack 0
   987  000820                     _BusyXLCD:
   988                           	opt stack 0
   989  000820  FFFF               	dw	65535	; assembler added errata NOP
   990                           
   991                           ;lcd.c: 14: LATDbits.LATD2 = 1;
   992                           
   993                           ;incstack = 0
   994  000822  848C               	bsf	3980,2,c	;volatile
   995                           
   996                           ;lcd.c: 15: LATDbits.LATD1 = 0;
   997  000824  928C               	bcf	3980,1,c	;volatile
   998                           
   999                           ;lcd.c: 16: DelayFor18TCY();
  1000  000826  EC50  F004         	call	_DelayFor18TCY	;wreg free
  1001                           
  1002                           ;lcd.c: 17: LATDbits.LATD0 = 1;
  1003  00082A  808C               	bsf	3980,0,c	;volatile
  1004                           
  1005                           ;lcd.c: 18: DelayFor18TCY();
  1006  00082C  EC50  F004         	call	_DelayFor18TCY	;wreg free
  1007                           
  1008                           ;lcd.c: 34: if(PORTD&0x80)
  1009  000830  AE83               	btfss	3971,7,c	;volatile
  1010  000832  D00A               	goto	l67
  1011                           
  1012                           ;lcd.c: 38: {
  1013                           ;lcd.c: 39: LATDbits.LATD0 = 0;
  1014  000834  908C               	bcf	3980,0,c	;volatile
  1015                           
  1016                           ;lcd.c: 40: DelayFor18TCY();
  1017  000836  EC50  F004         	call	_DelayFor18TCY	;wreg free
  1018                           
  1019                           ;lcd.c: 41: LATDbits.LATD0 = 1;
  1020  00083A  808C               	bsf	3980,0,c	;volatile
  1021                           
  1022                           ;lcd.c: 42: DelayFor18TCY();
  1023  00083C  EC50  F004         	call	_DelayFor18TCY	;wreg free
  1024                           
  1025                           ;lcd.c: 43: LATDbits.LATD0 = 0;
  1026  000840  908C               	bcf	3980,0,c	;volatile
  1027                           
  1028                           ;lcd.c: 44: LATDbits.LATD2 = 0;
  1029  000842  948C               	bcf	3980,2,c	;volatile
  1030                           
  1031                           ;lcd.c: 45: return 1;
  1032  000844  0E01               	movlw	1
  1033                           
  1034                           ;lcd.c: 46: }
  1035  000846  D00A               	goto	l68
  1036  000848                     l67:
  1037  000848  FFFF               	dw	65535	; assembler added errata NOP
  1038                           
  1039                           ;lcd.c: 47: else
  1040                           ;lcd.c: 48: {
  1041                           ;lcd.c: 49: LATDbits.LATD0 = 0;
  1042  00084A  908C               	bcf	3980,0,c	;volatile
  1043                           
  1044                           ;lcd.c: 50: DelayFor18TCY();
  1045  00084C  EC50  F004         	call	_DelayFor18TCY	;wreg free
  1046                           
  1047                           ;lcd.c: 51: LATDbits.LATD0 = 1;
  1048  000850  808C               	bsf	3980,0,c	;volatile
  1049                           
  1050                           ;lcd.c: 52: DelayFor18TCY();
  1051  000852  EC50  F004         	call	_DelayFor18TCY	;wreg free
  1052                           
  1053                           ;lcd.c: 53: LATDbits.LATD0 = 0;
  1054  000856  908C               	bcf	3980,0,c	;volatile
  1055                           
  1056                           ;lcd.c: 54: LATDbits.LATD2 = 0;
  1057  000858  948C               	bcf	3980,2,c	;volatile
  1058                           
  1059                           ;lcd.c: 55: return 0;
  1060  00085A  0E00               	movlw	0
  1061  00085C                     l68:
  1062  00085C  FFFF               	dw	65535	; assembler added errata NOP
  1063  00085E  0012               	return		;funcret
  1064  000860  FFFF               	dw	65535	; errata NOP
  1065  000862                     __end_of_BusyXLCD:
  1066                           	opt stack 0
  1067                           tblptru	equ	0xFF8
  1068                           tblptrh	equ	0xFF7
  1069                           tblptrl	equ	0xFF6
  1070                           tablat	equ	0xFF5
  1071                           wreg	equ	0xFE8
  1072                           status	equ	0xFD8
  1073                           
  1074 ;; *************** function _DelayFor18TCY *****************
  1075 ;; Defined at:
  1076 ;;		line 13 in file "D:/ECNG3006/L01_814000456/Q9_814000456.X/lab1asm.c"
  1077 ;; Parameters:    Size  Location     Type
  1078 ;;		None
  1079 ;; Auto vars:     Size  Location     Type
  1080 ;;		None
  1081 ;; Return value:  Size  Location     Type
  1082 ;;                  1    wreg      void 
  1083 ;; Registers used:
  1084 ;;		wreg
  1085 ;; Tracked objects:
  1086 ;;		On entry : 0/0
  1087 ;;		On exit  : 0/0
  1088 ;;		Unchanged: 0/0
  1089 ;; Data sizes:     COMRAM   BANK0   BANK1   BANK2   BANK3   BANK4   BANK5
  1090 ;;      Params:         0       0       0       0       0       0       0
  1091 ;;      Locals:         0       0       0       0       0       0       0
  1092 ;;      Temps:          0       0       0       0       0       0       0
  1093 ;;      Totals:         0       0       0       0       0       0       0
  1094 ;;Total ram usage:        0 bytes
  1095 ;; Hardware stack levels used:    1
  1096 ;; This function calls:
  1097 ;;		Nothing
  1098 ;; This function is called by:
  1099 ;;		_BusyXLCD
  1100 ;;		_SetDDRamAddr
  1101 ;;		_WriteCmdXLCD
  1102 ;;		_WriteDataXLCD
  1103 ;;		_ReadAddrXLCD
  1104 ;;		_ReadDataXLCD
  1105 ;;		_SetCGRamAddr
  1106 ;; This function uses a non-reentrant model
  1107 ;;
  1108                           
  1109                           	psect	text9
  1110  0008A0                     __ptext9:
  1111                           	opt stack 0
  1112  0008A0                     _DelayFor18TCY:
  1113                           	opt stack 0
  1114  0008A0  FFFF               	dw	65535	; assembler added errata NOP
  1115                           
  1116                           ;lab1asm.c: 15: _delay(18);
  1117                           
  1118                           ;incstack = 0
  1119  0008A2  0E04               	movlw	4
  1120  0008A4                     u237:
  1121  0008A4  FFFF               	dw	65535	; errata NOP
  1122  0008A6  2EE8               	decfsz	wreg,f,c
  1123  0008A8  D7FD               	bra	u237
  1124  0008AA  D000               	nop2	
  1125  0008AC  0012               	return		;funcret
  1126  0008AE  FFFF               	dw	65535	; errata NOP
  1127  0008B0                     __end_of_DelayFor18TCY:
  1128                           	opt stack 0
  1129                           tblptru	equ	0xFF8
  1130                           tblptrh	equ	0xFF7
  1131                           tblptrl	equ	0xFF6
  1132                           tablat	equ	0xFF5
  1133                           wreg	equ	0xFE8
  1134                           status	equ	0xFD8
  1135                           tblptru	equ	0xFF8
  1136                           tblptrh	equ	0xFF7
  1137                           tblptrl	equ	0xFF6
  1138                           tablat	equ	0xFF5
  1139                           wreg	equ	0xFE8
  1140                           status	equ	0xFD8
  1141                           
  1142                           	psect	rparam
  1143  0000                     tblptru	equ	0xFF8
  1144                           tblptrh	equ	0xFF7
  1145                           tblptrl	equ	0xFF6
  1146                           tablat	equ	0xFF5
  1147                           wreg	equ	0xFE8
  1148                           status	equ	0xFD8


Data Sizes:
    Strings     7
    Constant    0
    Data        0
    BSS         0
    Persistent  0
    Stack       0

Auto Spaces:
    Space          Size  Autos    Used
    COMRAM          127      3       3
    BANK0           128      0       0
    BANK1           256      0       0
    BANK2           256      0       0
    BANK3           256      0       0
    BANK4           256      0       0
    BANK5           256      0       0

Pointer List with Targets:

    putrsXLCD@buffer	PTR const unsigned char  size(2) Largest target is 7
		 -> STR_1(CODE[7]), 


Critical Paths under _main in COMRAM

    _main->_putrsXLCD
    _putrsXLCD->_WriteDataXLCD
    _init_LCD->_OpenXLCD
    _OpenXLCD->_DelayPORXLCD
    _OpenXLCD->_SetDDRamAddr
    _OpenXLCD->_WriteCmdXLCD

Critical Paths under _main in BANK0

    None.

Critical Paths under _main in BANK1

    None.

Critical Paths under _main in BANK2

    None.

Critical Paths under _main in BANK3

    None.

Critical Paths under _main in BANK4

    None.

Critical Paths under _main in BANK5

    None.

Call Graph Tables:

 ---------------------------------------------------------------------------------
 (Depth) Function   	        Calls       Base Space   Used Autos Params    Refs
 ---------------------------------------------------------------------------------
 (0) _main                                                 0     0      0     286
                           _BusyXLCD
                       _SetDDRamAddr
                           _init_LCD
                          _putrsXLCD
 ---------------------------------------------------------------------------------
 (1) _putrsXLCD                                            2     0      2     151
                                              1 COMRAM     2     0      2
                           _BusyXLCD
                      _WriteDataXLCD
 ---------------------------------------------------------------------------------
 (2) _WriteDataXLCD                                        1     1      0      30
                                              0 COMRAM     1     1      0
                      _DelayFor18TCY
 ---------------------------------------------------------------------------------
 (1) _init_LCD                                             0     0      0     105
                           _BusyXLCD
                           _OpenXLCD
                       _WriteCmdXLCD
 ---------------------------------------------------------------------------------
 (2) _OpenXLCD                                             2     2      0      75
                                              1 COMRAM     2     2      0
                           _BusyXLCD
                       _DelayPORXLCD
                       _SetDDRamAddr
                       _WriteCmdXLCD
 ---------------------------------------------------------------------------------
 (2) _WriteCmdXLCD                                         1     1      0      30
                                              0 COMRAM     1     1      0
                      _DelayFor18TCY
 ---------------------------------------------------------------------------------
 (3) _SetDDRamAddr                                         1     1      0      30
                                              0 COMRAM     1     1      0
                      _DelayFor18TCY
 ---------------------------------------------------------------------------------
 (3) _DelayPORXLCD                                         1     1      0       0
                                              0 COMRAM     1     1      0
 ---------------------------------------------------------------------------------
 (2) _BusyXLCD                                             0     0      0       0
                      _DelayFor18TCY
 ---------------------------------------------------------------------------------
 (3) _DelayFor18TCY                                        0     0      0       0
 ---------------------------------------------------------------------------------
 Estimated maximum stack depth 3
 ---------------------------------------------------------------------------------

 Call Graph Graphs:

 _main (ROOT)
   _BusyXLCD
     _DelayFor18TCY
   _SetDDRamAddr
     _DelayFor18TCY
   _init_LCD
     _BusyXLCD
       _DelayFor18TCY
     _OpenXLCD
       _BusyXLCD
         _DelayFor18TCY
       _DelayPORXLCD
       _SetDDRamAddr
         _DelayFor18TCY
       _WriteCmdXLCD
         _DelayFor18TCY
     _WriteCmdXLCD
       _DelayFor18TCY
   _putrsXLCD
     _BusyXLCD
       _DelayFor18TCY
     _WriteDataXLCD
       _DelayFor18TCY

 Address spaces:
Name               Size   Autos  Total    Cost      Usage
BITCOMRAM           7F      0       0       0        0.0%
EEDATA             100      0       0       0        0.0%
NULL                 0      0       0       0        0.0%
CODE                 0      0       0       0        0.0%
COMRAM              7F      3       3       1        2.4%
STACK                0      0       0       2        0.0%
DATA                 0      0       0       3        0.0%
BITBANK0            80      0       0       4        0.0%
BANK0               80      0       0       5        0.0%
BITBANK1           100      0       0       6        0.0%
BANK1              100      0       0       7        0.0%
BITBANK2           100      0       0       8        0.0%
BANK2              100      0       0       9        0.0%
BITBANK3           100      0       0      10        0.0%
BANK3              100      0       0      11        0.0%
BITBANK4           100      0       0      12        0.0%
BANK4              100      0       0      13        0.0%
BANK5              100      0       0      14        0.0%
ABS                  0      0       0      15        0.0%
BITBANK5           100      0       0      16        0.0%
BIGRAM             5FF      0       0      17        0.0%
BITSFR               0      0       0     200        0.0%
SFR                  0      0       0     200        0.0%


Microchip Technology PIC18 Macro Assembler V1.42 build -159332390 
Symbol Table                                                                                   Wed Oct 25 22:12:28 2017

                                                                 l41 0886  
                                                                 l67 0848  
                                                                 l68 085C  
                                                        __CFG_OSC$HS 000000  
                                                                l923 07C8  
                                                                l915 07A4  
                                                                l861 0658  
                                                                l871 0688  
                                                                l863 0664  
                                                                l919 07B6  
                                                                l883 06BE  
                                                                l875 069A  
                                                                l867 0676  
                                                                l879 06AC  
                                                                u207 0632  
                                                                u217 0648  
                                                                u227 0892  
                                                                u237 08A4  
                                              __size_of_WriteCmdXLCD 0042  
                                                                wreg 000FE8  
                                                       __CFG_LVP$OFF 000000  
                                                       __CFG_WDT$OFF 000000  
                                                               l1033 071C  
                                                               l1043 0868  
                                                               l1039 073E  
                                                               STR_1 0601  
                                                               _main 0862  
                                             __size_of_WriteDataXLCD 0042  
                                                               start 0002  
                                                       ___param_bank 000000  
                                                       _WriteCmdXLCD 07DE  
                                                      ?_SetDDRamAddr 0001  
                                                              ?_main 0001  
                                                              _PORTD 000F83  
                                                              _TRISD 000F95  
                                                              tablat 000FF5  
                                                              status 000FD8  
                                                    __initialization 08B0  
                                                       __end_of_main 088A  
                                                   __end_of_BusyXLCD 0862  
                                              __size_of_DelayPORXLCD 0016  
                                                     ??_SetDDRamAddr 0001  
                                                   __end_of_OpenXLCD 06D4  
                                                             ??_main 0004  
                                                      __activetblptr 000001  
                                                      _WriteDataXLCD 075A  
                                                       _DelayPORXLCD 088A  
                                                   __end_of_init_LCD 07DE  
                                                     ?_WriteDataXLCD 0001  
                                                       __mediumconst 0000  
                                                             tblptrh 000FF7  
                                                             tblptrl 000FF6  
                                                             tblptru 000FF8  
                                                         __accesstop 0080  
                                            __end_of__initialization 08B0  
                                                      ___rparam_used 000001  
                                                     __pcstackCOMRAM 0001  
                                             __size_of_DelayFor18TCY 0010  
                                                          ?_BusyXLCD 0001  
                                                    WriteCmdXLCD@cmd 0001  
                                               __end_of_SetDDRamAddr 0718  
                                                          ?_OpenXLCD 0001  
                                                  WriteDataXLCD@data 0001  
                                                    ??_WriteDataXLCD 0001  
                                                 __size_of_putrsXLCD 0042  
                                                         ??_BusyXLCD 0001  
                                                          ?_init_LCD 0001  
                                                         ??_OpenXLCD 0002  
                                                            __Hparam 0000  
                                                            __Lparam 0000  
                                                      _DelayFor18TCY 08A0  
                                                       __psmallconst 0600  
                                                            __pcinit 08B0  
                                                    putrsXLCD@buffer 0002  
                                                            __ramtop 0600  
                                                            __ptext0 0862  
                                                            __ptext1 0718  
                                                            __ptext2 075A  
                                                            __ptext3 079C  
                                                            __ptext4 060A  
                                                            __ptext5 07DE  
                                                            __ptext6 06D4  
                                                            __ptext7 088A  
                                                            __ptext8 0820  
                                                            __ptext9 08A0  
                                               end_of_initialization 08B0  
                                                         ??_init_LCD 0004  
                                                     ?_DelayFor18TCY 0001  
                                                  __end_of_putrsXLCD 075A  
                                                          _TRISDbits 000F95  
                                              __size_of_SetDDRamAddr 0044  
                                                       _SetDDRamAddr 06D4  
                                                 SetDDRamAddr@DDaddr 0001  
                                                start_initialization 08B0  
                                                  __size_of_BusyXLCD 0042  
                                                    ??_DelayFor18TCY 0001  
                                                  __size_of_OpenXLCD 00CA  
                                                      ?_WriteCmdXLCD 0001  
                                                  __size_of_init_LCD 0042  
                                                     ??_WriteCmdXLCD 0001  
                                              __end_of_WriteDataXLCD 079C  
                                                        __smallconst 0600  
                                                           _LATDbits 000F8C  
                                                      ?_DelayPORXLCD 0001  
                                                    OpenXLCD@lcdtype 0003  
                                                          _putrsXLCD 0718  
                                                           _BusyXLCD 0820  
                                                     ??_DelayPORXLCD 0001  
                                                           _OpenXLCD 060A  
                                                           __Hrparam 0000  
                                                           __Lrparam 0000  
                                                       __Lsmallconst 0600  
                                                         ?_putrsXLCD 0002  
                                               __end_of_WriteCmdXLCD 0820  
                                                           _init_LCD 079C  
                                                      __size_of_main 0028  
                                              __end_of_DelayFor18TCY 08B0  
                                               __end_of_DelayPORXLCD 08A0  
                                                        ??_putrsXLCD 0004  
